{
  "numTotalTestSuites": 344,
  "numPassedTestSuites": 344,
  "numFailedTestSuites": 0,
  "numPendingTestSuites": 0,
  "numTotalTests": 620,
  "numPassedTests": 613,
  "numFailedTests": 0,
  "numPendingTests": 7,
  "numTodoTests": 0,
  "snapshot": {
    "added": 0,
    "failure": false,
    "filesAdded": 0,
    "filesRemoved": 0,
    "filesRemovedList": [],
    "filesUnmatched": 0,
    "filesUpdated": 0,
    "matched": 1,
    "total": 1,
    "unchecked": 0,
    "uncheckedKeysByFile": [],
    "unmatched": 0,
    "updated": 0,
    "didUpdate": false
  },
  "startTime": 1754356050893,
  "success": true,
  "testResults": [
    {
      "assertionResults": [
        {
          "ancestorTitles": ["Middleware Authentication", "Admin Routes Protection"],
          "fullName": "Middleware Authentication Admin Routes Protection should redirect to /admin/login when accessing admin routes without authentication",
          "status": "passed",
          "title": "should redirect to /admin/login when accessing admin routes without authentication",
          "duration": 1.4462910000002012,
          "failureMessages": [],
          "meta": {}
        },
        {
          "ancestorTitles": ["Middleware Authentication", "Admin Routes Protection"],
          "fullName": "Middleware Authentication Admin Routes Protection should allow access to admin routes with valid admin session",
          "status": "passed",
          "title": "should allow access to admin routes with valid admin session",
          "duration": 0.4574579999998605,
          "failureMessages": [],
          "meta": {}
        },
        {
          "ancestorTitles": ["Middleware Authentication", "Admin Routes Protection"],
          "fullName": "Middleware Authentication Admin Routes Protection should deny access to admin routes for non-admin users",
          "status": "passed",
          "title": "should deny access to admin routes for non-admin users",
          "duration": 0.34370799999987867,
          "failureMessages": [],
          "meta": {}
        },
        {
          "ancestorTitles": ["Middleware Authentication", "Customer Routes Protection"],
          "fullName": "Middleware Authentication Customer Routes Protection should redirect to login when accessing protected customer routes without authentication",
          "status": "passed",
          "title": "should redirect to login when accessing protected customer routes without authentication",
          "duration": 0.4978329999999005,
          "failureMessages": [],
          "meta": {}
        },
        {
          "ancestorTitles": ["Middleware Authentication", "Customer Routes Protection"],
          "fullName": "Middleware Authentication Customer Routes Protection should allow access to protected customer routes with valid session",
          "status": "passed",
          "title": "should allow access to protected customer routes with valid session",
          "duration": 0.34795800000028976,
          "failureMessages": [],
          "meta": {}
        },
        {
          "ancestorTitles": ["Middleware Authentication", "Public Routes"],
          "fullName": "Middleware Authentication Public Routes should allow access to public routes without authentication",
          "status": "passed",
          "title": "should allow access to public routes without authentication",
          "duration": 1.0102080000001479,
          "failureMessages": [],
          "meta": {}
        },
        {
          "ancestorTitles": ["Middleware Authentication", "Public Routes"],
          "fullName": "Middleware Authentication Public Routes should allow access to login and register pages without authentication",
          "status": "passed",
          "title": "should allow access to login and register pages without authentication",
          "duration": 0.7588329999998678,
          "failureMessages": [],
          "meta": {}
        },
        {
          "ancestorTitles": ["Middleware Authentication", "API Routes Protection"],
          "fullName": "Middleware Authentication API Routes Protection should protect reservation API endpoints",
          "status": "passed",
          "title": "should protect reservation API endpoints",
          "duration": 0.38200000000006185,
          "failureMessages": [],
          "meta": {}
        },
        {
          "ancestorTitles": ["Middleware Authentication", "API Routes Protection"],
          "fullName": "Middleware Authentication API Routes Protection should protect cast API endpoints",
          "status": "passed",
          "title": "should protect cast API endpoints",
          "duration": 0.3296660000000884,
          "failureMessages": [],
          "meta": {}
        },
        {
          "ancestorTitles": ["Middleware Authentication", "API Routes Protection"],
          "fullName": "Middleware Authentication API Routes Protection should allow authenticated users to access protected API routes",
          "status": "passed",
          "title": "should allow authenticated users to access protected API routes",
          "duration": 0.3236249999999927,
          "failureMessages": [],
          "meta": {}
        },
        {
          "ancestorTitles": ["Middleware Authentication", "Session Management"],
          "fullName": "Middleware Authentication Session Management should redirect authenticated admin to dashboard from login page",
          "status": "passed",
          "title": "should redirect authenticated admin to dashboard from login page",
          "duration": 0.3555830000000242,
          "failureMessages": [],
          "meta": {}
        },
        {
          "ancestorTitles": ["Middleware Authentication", "Session Management"],
          "fullName": "Middleware Authentication Session Management should redirect /admin to /admin/dashboard for authenticated admin",
          "status": "passed",
          "title": "should redirect /admin to /admin/dashboard for authenticated admin",
          "duration": 0.3380000000001928,
          "failureMessages": [],
          "meta": {}
        }
      ],
      "startTime": 1754356054432,
      "endTime": 1754356054438.3555,
      "status": "passed",
      "message": "",
      "name": "/Users/pon/dev/salon-management/middleware.test.ts"
    },
    {
      "assertionResults": [
        {
          "ancestorTitles": ["useAuth hook"],
          "fullName": "useAuth hook should be defined",
          "status": "passed",
          "title": "should be defined",
          "duration": 0.32466699999986304,
          "failureMessages": [],
          "meta": {}
        },
        {
          "ancestorTitles": ["useAuth hook"],
          "fullName": "useAuth hook should provide authentication utilities",
          "status": "passed",
          "title": "should provide authentication utilities",
          "duration": 0.1254159999998592,
          "failureMessages": [],
          "meta": {}
        },
        {
          "ancestorTitles": ["useAuth hook"],
          "fullName": "useAuth hook should return authenticated state when user is logged in",
          "status": "passed",
          "title": "should return authenticated state when user is logged in",
          "duration": 0.6581660000001648,
          "failureMessages": [],
          "meta": {}
        },
        {
          "ancestorTitles": ["useAuth hook"],
          "fullName": "useAuth hook should return loading state",
          "status": "passed",
          "title": "should return loading state",
          "duration": 0.3457090000001699,
          "failureMessages": [],
          "meta": {}
        },
        {
          "ancestorTitles": ["useAuth hook"],
          "fullName": "useAuth hook should call signIn with correct parameters",
          "status": "passed",
          "title": "should call signIn with correct parameters",
          "duration": 0.5115409999998519,
          "failureMessages": [],
          "meta": {}
        },
        {
          "ancestorTitles": ["useAdminAuth hook"],
          "fullName": "useAdminAuth hook should identify admin users correctly",
          "status": "passed",
          "title": "should identify admin users correctly",
          "duration": 0.34245800000007875,
          "failureMessages": [],
          "meta": {}
        },
        {
          "ancestorTitles": ["useAdminAuth hook"],
          "fullName": "useAdminAuth hook should not identify non-admin users as admin",
          "status": "passed",
          "title": "should not identify non-admin users as admin",
          "duration": 0.3070830000006026,
          "failureMessages": [],
          "meta": {}
        },
        {
          "ancestorTitles": ["useCustomerAuth hook"],
          "fullName": "useCustomerAuth hook should identify customer users correctly",
          "status": "passed",
          "title": "should identify customer users correctly",
          "duration": 0.3157920000003287,
          "failureMessages": [],
          "meta": {}
        },
        {
          "ancestorTitles": ["useCustomerAuth hook"],
          "fullName": "useCustomerAuth hook should not identify non-customer users as customer",
          "status": "passed",
          "title": "should not identify non-customer users as customer",
          "duration": 0.3169580000003407,
          "failureMessages": [],
          "meta": {}
        }
      ],
      "startTime": 1754356054923,
      "endTime": 1754356054926.317,
      "status": "passed",
      "message": "",
      "name": "/Users/pon/dev/salon-management/hooks/use-auth.test.ts"
    },
    {
      "assertionResults": [
        {
          "ancestorTitles": ["Constants"],
          "fullName": "Constants should match the snapshot for all exported constants",
          "status": "passed",
          "title": "should match the snapshot for all exported constants",
          "duration": 0.7004579999993439,
          "failureMessages": [],
          "meta": {}
        }
      ],
      "startTime": 1754356055931,
      "endTime": 1754356055931.7004,
      "status": "passed",
      "message": "",
      "name": "/Users/pon/dev/salon-management/lib/constants.test.ts"
    },
    {
      "assertionResults": [
        {
          "ancestorTitles": ["cn utility function"],
          "fullName": "cn utility function should combine class names",
          "status": "passed",
          "title": "should combine class names",
          "duration": 0.06837500000074215,
          "failureMessages": [],
          "meta": {}
        },
        {
          "ancestorTitles": ["cn utility function"],
          "fullName": "cn utility function should handle conditional classes",
          "status": "passed",
          "title": "should handle conditional classes",
          "duration": 0.03245799999967858,
          "failureMessages": [],
          "meta": {}
        },
        {
          "ancestorTitles": ["cn utility function"],
          "fullName": "cn utility function should merge Tailwind classes correctly",
          "status": "passed",
          "title": "should merge Tailwind classes correctly",
          "duration": 0.031458000000384345,
          "failureMessages": [],
          "meta": {}
        },
        {
          "ancestorTitles": ["cn utility function"],
          "fullName": "cn utility function should handle undefined and null values",
          "status": "passed",
          "title": "should handle undefined and null values",
          "duration": 0.04441699999915727,
          "failureMessages": [],
          "meta": {}
        },
        {
          "ancestorTitles": ["cn utility function"],
          "fullName": "cn utility function should handle empty strings",
          "status": "passed",
          "title": "should handle empty strings",
          "duration": 0.03666700000030687,
          "failureMessages": [],
          "meta": {}
        }
      ],
      "startTime": 1754356055897,
      "endTime": 1754356055897.0684,
      "status": "passed",
      "message": "",
      "name": "/Users/pon/dev/salon-management/lib/utils.test.ts"
    },
    {
      "assertionResults": [
        {
          "ancestorTitles": ["Prisma schema"],
          "fullName": "Prisma schema should have Cast model defined",
          "status": "passed",
          "title": "should have Cast model defined",
          "duration": 0.280666999999994,
          "failureMessages": [],
          "meta": {}
        },
        {
          "ancestorTitles": ["Prisma schema"],
          "fullName": "Prisma schema should have Customer model defined",
          "status": "passed",
          "title": "should have Customer model defined",
          "duration": 0.05662500000016735,
          "failureMessages": [],
          "meta": {}
        },
        {
          "ancestorTitles": ["Prisma schema"],
          "fullName": "Prisma schema should have Reservation model defined",
          "status": "passed",
          "title": "should have Reservation model defined",
          "duration": 0.052999999999883585,
          "failureMessages": [],
          "meta": {}
        },
        {
          "ancestorTitles": ["Prisma schema"],
          "fullName": "Prisma schema should have CoursePrice model defined",
          "status": "passed",
          "title": "should have CoursePrice model defined",
          "duration": 0.04550000000017462,
          "failureMessages": [],
          "meta": {}
        },
        {
          "ancestorTitles": ["Prisma schema"],
          "fullName": "Prisma schema should have OptionPrice model defined",
          "status": "passed",
          "title": "should have OptionPrice model defined",
          "duration": 0.04341699999986304,
          "failureMessages": [],
          "meta": {}
        },
        {
          "ancestorTitles": ["Prisma schema"],
          "fullName": "Prisma schema should have Review model defined",
          "status": "passed",
          "title": "should have Review model defined",
          "duration": 0.04229100000065955,
          "failureMessages": [],
          "meta": {}
        },
        {
          "ancestorTitles": ["Prisma schema"],
          "fullName": "Prisma schema should have proper database provider",
          "status": "passed",
          "title": "should have proper database provider",
          "duration": 0.04125000000021828,
          "failureMessages": [],
          "meta": {}
        }
      ],
      "startTime": 1754356055844,
      "endTime": 1754356055845.0413,
      "status": "passed",
      "message": "",
      "name": "/Users/pon/dev/salon-management/prisma/schema.test.ts"
    },
    {
      "assertionResults": [
        {
          "ancestorTitles": ["Cast Navigation", "Legacy cast detail page redirect"],
          "fullName": "Cast Navigation Legacy cast detail page redirect should redirect from /admin/cast/[id] to /admin/cast/manage/[id]",
          "status": "passed",
          "title": "should redirect from /admin/cast/[id] to /admin/cast/manage/[id]",
          "duration": 0.08449999999993452,
          "failureMessages": [],
          "meta": {}
        },
        {
          "ancestorTitles": ["Cast Navigation", "Legacy cast detail page redirect"],
          "fullName": "Cast Navigation Legacy cast detail page redirect should handle different cast IDs correctly",
          "status": "passed",
          "title": "should handle different cast IDs correctly",
          "duration": 0.6555829999997513,
          "failureMessages": [],
          "meta": {}
        }
      ],
      "startTime": 1754356055855,
      "endTime": 1754356055855.6555,
      "status": "passed",
      "message": "",
      "name": "/Users/pon/dev/salon-management/__tests__/navigation/cast-navigation.test.tsx"
    },
    {
      "assertionResults": [
        {
          "ancestorTitles": ["Customer Journey Integration Tests"],
          "fullName": "Customer Journey Integration Tests should complete a full customer journey: registration -> reservation -> review",
          "status": "passed",
          "title": "should complete a full customer journey: registration -> reservation -> review",
          "duration": 4.825083000000177,
          "failureMessages": [],
          "meta": {}
        },
        {
          "ancestorTitles": ["Customer Journey Integration Tests"],
          "fullName": "Customer Journey Integration Tests should handle pricing calculation across course and options",
          "status": "passed",
          "title": "should handle pricing calculation across course and options",
          "duration": 0.837291999999934,
          "failureMessages": [],
          "meta": {}
        },
        {
          "ancestorTitles": ["Customer Journey Integration Tests"],
          "fullName": "Customer Journey Integration Tests should handle reservation conflicts and availability checking",
          "status": "passed",
          "title": "should handle reservation conflicts and availability checking",
          "duration": 0.5048749999998563,
          "failureMessages": [],
          "meta": {}
        },
        {
          "ancestorTitles": ["Customer Journey Integration Tests"],
          "fullName": "Customer Journey Integration Tests should aggregate customer data across multiple APIs",
          "status": "passed",
          "title": "should aggregate customer data across multiple APIs",
          "duration": 1.2516250000001037,
          "failureMessages": [],
          "meta": {}
        },
        {
          "ancestorTitles": ["Cast Performance Analytics Integration"],
          "fullName": "Cast Performance Analytics Integration should calculate cast performance metrics across reservations and reviews",
          "status": "passed",
          "title": "should calculate cast performance metrics across reservations and reviews",
          "duration": 0.8598329999999805,
          "failureMessages": [],
          "meta": {}
        }
      ],
      "startTime": 1754356052418,
      "endTime": 1754356052426.8599,
      "status": "passed",
      "message": "",
      "name": "/Users/pon/dev/salon-management/app/api/integration.test.ts"
    },
    {
      "assertionResults": [
        {
          "ancestorTitles": ["ResetPasswordPage"],
          "fullName": "ResetPasswordPage should display error when no token is provided",
          "status": "passed",
          "title": "should display error when no token is provided",
          "duration": 3.0835409999999683,
          "failureMessages": [],
          "meta": {}
        },
        {
          "ancestorTitles": ["ResetPasswordPage"],
          "fullName": "ResetPasswordPage should navigate to login when clicking login button (no token)",
          "status": "passed",
          "title": "should navigate to login when clicking login button (no token)",
          "duration": 10.250291999999718,
          "failureMessages": [],
          "meta": {}
        },
        {
          "ancestorTitles": ["ResetPasswordPage"],
          "fullName": "ResetPasswordPage should display password reset form with valid token",
          "status": "passed",
          "title": "should display password reset form with valid token",
          "duration": 4.838750000000346,
          "failureMessages": [],
          "meta": {}
        },
        {
          "ancestorTitles": ["ResetPasswordPage"],
          "fullName": "ResetPasswordPage should validate password length",
          "status": "passed",
          "title": "should validate password length",
          "duration": 33.49087499999996,
          "failureMessages": [],
          "meta": {}
        },
        {
          "ancestorTitles": ["ResetPasswordPage"],
          "fullName": "ResetPasswordPage should validate password confirmation match",
          "status": "passed",
          "title": "should validate password confirmation match",
          "duration": 66.12566700000025,
          "failureMessages": [],
          "meta": {}
        },
        {
          "ancestorTitles": ["ResetPasswordPage"],
          "fullName": "ResetPasswordPage should successfully reset password",
          "status": "passed",
          "title": "should successfully reset password",
          "duration": 82.64625000000024,
          "failureMessages": [],
          "meta": {}
        },
        {
          "ancestorTitles": ["ResetPasswordPage"],
          "fullName": "ResetPasswordPage should navigate to login after successful reset",
          "status": "passed",
          "title": "should navigate to login after successful reset",
          "duration": 95.19808400000011,
          "failureMessages": [],
          "meta": {}
        },
        {
          "ancestorTitles": ["ResetPasswordPage"],
          "fullName": "ResetPasswordPage should display error on API failure",
          "status": "passed",
          "title": "should display error on API failure",
          "duration": 98.70316700000012,
          "failureMessages": [],
          "meta": {}
        },
        {
          "ancestorTitles": ["ResetPasswordPage"],
          "fullName": "ResetPasswordPage should display generic error on network failure",
          "status": "passed",
          "title": "should display generic error on network failure",
          "duration": 104.4285420000001,
          "failureMessages": [],
          "meta": {}
        },
        {
          "ancestorTitles": ["ResetPasswordPage"],
          "fullName": "ResetPasswordPage should disable form during submission",
          "status": "passed",
          "title": "should disable form during submission",
          "duration": 207.051375,
          "failureMessages": [],
          "meta": {}
        }
      ],
      "startTime": 1754356053215,
      "endTime": 1754356053921.0513,
      "status": "passed",
      "message": "",
      "name": "/Users/pon/dev/salon-management/app/reset-password/page.test.tsx"
    },
    {
      "assertionResults": [
        {
          "ancestorTitles": ["VerifyEmailPage"],
          "fullName": "VerifyEmailPage should show error when no token is provided",
          "status": "passed",
          "title": "should show error when no token is provided",
          "duration": 3.90008300000045,
          "failureMessages": [],
          "meta": {}
        },
        {
          "ancestorTitles": ["VerifyEmailPage"],
          "fullName": "VerifyEmailPage should successfully verify email with valid token",
          "status": "passed",
          "title": "should successfully verify email with valid token",
          "duration": 4.996208999999908,
          "failureMessages": [],
          "meta": {}
        },
        {
          "ancestorTitles": ["VerifyEmailPage"],
          "fullName": "VerifyEmailPage should show error for invalid token",
          "status": "passed",
          "title": "should show error for invalid token",
          "duration": 3.326958999999988,
          "failureMessages": [],
          "meta": {}
        },
        {
          "ancestorTitles": ["VerifyEmailPage"],
          "fullName": "VerifyEmailPage should show custom success message from API response",
          "status": "passed",
          "title": "should show custom success message from API response",
          "duration": 3.1049160000002303,
          "failureMessages": [],
          "meta": {}
        },
        {
          "ancestorTitles": ["VerifyEmailPage"],
          "fullName": "VerifyEmailPage should handle network errors",
          "status": "passed",
          "title": "should handle network errors",
          "duration": 3.0494999999991705,
          "failureMessages": [],
          "meta": {}
        },
        {
          "ancestorTitles": ["VerifyEmailPage"],
          "fullName": "VerifyEmailPage should handle API response without error field",
          "status": "passed",
          "title": "should handle API response without error field",
          "duration": 3.0771670000003724,
          "failureMessages": [],
          "meta": {}
        },
        {
          "ancestorTitles": ["VerifyEmailPage"],
          "fullName": "VerifyEmailPage should navigate to login page when button is clicked",
          "status": "passed",
          "title": "should navigate to login page when button is clicked",
          "duration": 11.778667000000496,
          "failureMessages": [],
          "meta": {}
        },
        {
          "ancestorTitles": ["VerifyEmailPage"],
          "fullName": "VerifyEmailPage should not show button during loading state",
          "status": "passed",
          "title": "should not show button during loading state",
          "duration": 0.9399579999999332,
          "failureMessages": [],
          "meta": {}
        },
        {
          "ancestorTitles": ["VerifyEmailPage"],
          "fullName": "VerifyEmailPage should use different button variant for error state",
          "status": "passed",
          "title": "should use different button variant for error state",
          "duration": 4.193916000000172,
          "failureMessages": [],
          "meta": {}
        }
      ],
      "startTime": 1754356054574,
      "endTime": 1754356054612.1938,
      "status": "passed",
      "message": "",
      "name": "/Users/pon/dev/salon-management/app/verify-email/page.test.tsx"
    },
    {
      "assertionResults": [
        {
          "ancestorTitles": ["ForgotPasswordForm"],
          "fullName": "ForgotPasswordForm should display the form initially",
          "status": "passed",
          "title": "should display the form initially",
          "duration": 4.691792000000532,
          "failureMessages": [],
          "meta": {}
        },
        {
          "ancestorTitles": ["ForgotPasswordForm"],
          "fullName": "ForgotPasswordForm should successfully submit and show success message",
          "status": "passed",
          "title": "should successfully submit and show success message",
          "duration": 46.77695800000038,
          "failureMessages": [],
          "meta": {}
        },
        {
          "ancestorTitles": ["ForgotPasswordForm"],
          "fullName": "ForgotPasswordForm should show success message even on API error (security)",
          "status": "passed",
          "title": "should show success message even on API error (security)",
          "duration": 62.54962499999965,
          "failureMessages": [],
          "meta": {}
        },
        {
          "ancestorTitles": ["ForgotPasswordForm"],
          "fullName": "ForgotPasswordForm should show success message even on network error (security)",
          "status": "passed",
          "title": "should show success message even on network error (security)",
          "duration": 52.867707999999766,
          "failureMessages": [],
          "meta": {}
        },
        {
          "ancestorTitles": ["ForgotPasswordForm"],
          "fullName": "ForgotPasswordForm should disable form during submission",
          "status": "passed",
          "title": "should disable form during submission",
          "duration": 54.49945899999966,
          "failureMessages": [],
          "meta": {}
        },
        {
          "ancestorTitles": ["ForgotPasswordForm"],
          "fullName": "ForgotPasswordForm should have a link back to login",
          "status": "passed",
          "title": "should have a link back to login",
          "duration": 8.823457999999846,
          "failureMessages": [],
          "meta": {}
        }
      ],
      "startTime": 1754356054656,
      "endTime": 1754356054886.8235,
      "status": "passed",
      "message": "",
      "name": "/Users/pon/dev/salon-management/components/auth/forgot-password-form.test.tsx"
    },
    {
      "assertionResults": [
        {
          "ancestorTitles": ["RegisterForm"],
          "fullName": "RegisterForm should render the component without errors",
          "status": "passed",
          "title": "should render the component without errors",
          "duration": 0.06791599999996834,
          "failureMessages": [],
          "meta": {}
        },
        {
          "ancestorTitles": ["RegisterForm"],
          "fullName": "RegisterForm should handle form submission with valid data",
          "status": "passed",
          "title": "should handle form submission with valid data",
          "duration": 0.055041999999957625,
          "failureMessages": [],
          "meta": {}
        },
        {
          "ancestorTitles": ["RegisterForm"],
          "fullName": "RegisterForm should validate required fields",
          "status": "passed",
          "title": "should validate required fields",
          "duration": 0.02829100000053586,
          "failureMessages": [],
          "meta": {}
        },
        {
          "ancestorTitles": ["RegisterForm"],
          "fullName": "RegisterForm should hash password before submission",
          "status": "passed",
          "title": "should hash password before submission",
          "duration": 0.10966599999937898,
          "failureMessages": [],
          "meta": {}
        }
      ],
      "startTime": 1754356055539,
      "endTime": 1754356055539.1096,
      "status": "passed",
      "message": "",
      "name": "/Users/pon/dev/salon-management/components/auth/register-form.test.tsx"
    },
    {
      "assertionResults": [
        {
          "ancestorTitles": ["Role Guard Components"],
          "fullName": "Role Guard Components should be defined",
          "status": "passed",
          "title": "should be defined",
          "duration": 0.07687499999974534,
          "failureMessages": [],
          "meta": {}
        },
        {
          "ancestorTitles": ["Role Guard Components"],
          "fullName": "Role Guard Components should export function components",
          "status": "passed",
          "title": "should export function components",
          "duration": 0.047417000000677945,
          "failureMessages": [],
          "meta": {}
        },
        {
          "ancestorTitles": ["Role Guard Components"],
          "fullName": "Role Guard Components should handle role-based access control",
          "status": "passed",
          "title": "should handle role-based access control",
          "duration": 0.04304200000024139,
          "failureMessages": [],
          "meta": {}
        }
      ],
      "startTime": 1754356055787,
      "endTime": 1754356055787.077,
      "status": "passed",
      "message": "",
      "name": "/Users/pon/dev/salon-management/components/auth/role-guard.test.tsx"
    },
    {
      "assertionResults": [
        {
          "ancestorTitles": ["ReservationDialog Edit Mode"],
          "fullName": "ReservationDialog Edit Mode should toggle edit mode when edit button is clicked",
          "status": "passed",
          "title": "should toggle edit mode when edit button is clicked",
          "duration": 104.80141600000024,
          "failureMessages": [],
          "meta": {}
        },
        {
          "ancestorTitles": ["ReservationDialog Edit Mode"],
          "fullName": "ReservationDialog Edit Mode should display editable fields in edit mode",
          "status": "skipped",
          "title": "should display editable fields in edit mode",
          "failureMessages": [],
          "meta": {}
        },
        {
          "ancestorTitles": ["ReservationDialog Edit Mode"],
          "fullName": "ReservationDialog Edit Mode should show status change buttons in edit mode",
          "status": "passed",
          "title": "should show status change buttons in edit mode",
          "duration": 63.06729099999984,
          "failureMessages": [],
          "meta": {}
        },
        {
          "ancestorTitles": ["ReservationDialog Edit Mode"],
          "fullName": "ReservationDialog Edit Mode should show confirmation dialog when changing status",
          "status": "passed",
          "title": "should show confirmation dialog when changing status",
          "duration": 101.15495899999996,
          "failureMessages": [],
          "meta": {}
        },
        {
          "ancestorTitles": ["ReservationDialog Edit Mode"],
          "fullName": "ReservationDialog Edit Mode should show modifiable button for confirmed reservations",
          "status": "skipped",
          "title": "should show modifiable button for confirmed reservations",
          "failureMessages": [],
          "meta": {}
        },
        {
          "ancestorTitles": ["ReservationDialog Edit Mode"],
          "fullName": "ReservationDialog Edit Mode should change status to modifiable when modify button is clicked",
          "status": "skipped",
          "title": "should change status to modifiable when modify button is clicked",
          "failureMessages": [],
          "meta": {}
        },
        {
          "ancestorTitles": ["ReservationDialog Edit Mode"],
          "fullName": "ReservationDialog Edit Mode should show time limit warning when reservation is modifiable",
          "status": "skipped",
          "title": "should show time limit warning when reservation is modifiable",
          "failureMessages": [],
          "meta": {}
        },
        {
          "ancestorTitles": ["ReservationDialog Edit Mode"],
          "fullName": "ReservationDialog Edit Mode should automatically revert to confirmed status when time expires",
          "status": "skipped",
          "title": "should automatically revert to confirmed status when time expires",
          "failureMessages": [],
          "meta": {}
        },
        {
          "ancestorTitles": ["ReservationDialog Edit Mode"],
          "fullName": "ReservationDialog Edit Mode should validate form inputs before saving",
          "status": "skipped",
          "title": "should validate form inputs before saving",
          "failureMessages": [],
          "meta": {}
        },
        {
          "ancestorTitles": ["ReservationDialog Edit Mode"],
          "fullName": "ReservationDialog Edit Mode should exit edit mode when cancel is clicked",
          "status": "skipped",
          "title": "should exit edit mode when cancel is clicked",
          "failureMessages": [],
          "meta": {}
        }
      ],
      "startTime": 1754356052804,
      "endTime": 1754356053073.155,
      "status": "passed",
      "message": "",
      "name": "/Users/pon/dev/salon-management/components/reservation/reservation-dialog.test.tsx"
    },
    {
      "assertionResults": [
        {
          "ancestorTitles": ["Button component"],
          "fullName": "Button component should render the button with its children",
          "status": "passed",
          "title": "should render the button with its children",
          "duration": 5.091332999999395,
          "failureMessages": [],
          "meta": {}
        },
        {
          "ancestorTitles": ["Button component"],
          "fullName": "Button component should call the onClick handler when clicked",
          "status": "passed",
          "title": "should call the onClick handler when clicked",
          "duration": 4.764084000000366,
          "failureMessages": [],
          "meta": {}
        },
        {
          "ancestorTitles": ["Button component"],
          "fullName": "Button component should apply the correct variant and size classes",
          "status": "passed",
          "title": "should apply the correct variant and size classes",
          "duration": 4.557334000000083,
          "failureMessages": [],
          "meta": {}
        },
        {
          "ancestorTitles": ["Button component"],
          "fullName": "Button component should render as a different component when asChild is true",
          "status": "passed",
          "title": "should render as a different component when asChild is true",
          "duration": 2.972834000000148,
          "failureMessages": [],
          "meta": {}
        },
        {
          "ancestorTitles": ["Button component"],
          "fullName": "Button component should be disabled when the disabled prop is set",
          "status": "passed",
          "title": "should be disabled when the disabled prop is set",
          "duration": 4.8559170000007725,
          "failureMessages": [],
          "meta": {}
        }
      ],
      "startTime": 1754356055708,
      "endTime": 1754356055729.856,
      "status": "passed",
      "message": "",
      "name": "/Users/pon/dev/salon-management/components/ui/button.test.tsx"
    },
    {
      "assertionResults": [
        {
          "ancestorTitles": ["Analytics Data Generators", "generateMonthlyData"],
          "fullName": "Analytics Data Generators generateMonthlyData should generate 12 months of data",
          "status": "passed",
          "title": "should generate 12 months of data",
          "duration": 0.1839589999999589,
          "failureMessages": [],
          "meta": {}
        },
        {
          "ancestorTitles": ["Analytics Data Generators", "generateMonthlyData"],
          "fullName": "Analytics Data Generators generateMonthlyData should contain all required keys for each month",
          "status": "passed",
          "title": "should contain all required keys for each month",
          "duration": 0.05495800000062445,
          "failureMessages": [],
          "meta": {}
        },
        {
          "ancestorTitles": ["Analytics Data Generators", "generateMonthlyData"],
          "fullName": "Analytics Data Generators generateMonthlyData should correctly calculate derived values",
          "status": "passed",
          "title": "should correctly calculate derived values",
          "duration": 0.04916700000012497,
          "failureMessages": [],
          "meta": {}
        },
        {
          "ancestorTitles": ["Analytics Data Generators", "generateDailyData"],
          "fullName": "Analytics Data Generators generateDailyData should generate data for the correct number of days in a month",
          "status": "passed",
          "title": "should generate data for the correct number of days in a month",
          "duration": 0.16112500000053842,
          "failureMessages": [],
          "meta": {}
        },
        {
          "ancestorTitles": ["Analytics Data Generators", "generateDailyData"],
          "fullName": "Analytics Data Generators generateDailyData should contain all required keys for each day",
          "status": "passed",
          "title": "should contain all required keys for each day",
          "duration": 0.05554200000005949,
          "failureMessages": [],
          "meta": {}
        },
        {
          "ancestorTitles": ["Analytics Data Generators", "generateDailyData"],
          "fullName": "Analytics Data Generators generateDailyData should correctly calculate derived daily values",
          "status": "passed",
          "title": "should correctly calculate derived daily values",
          "duration": 0.046875,
          "failureMessages": [],
          "meta": {}
        },
        {
          "ancestorTitles": ["Analytics Data Generators", "generateCourseSalesData"],
          "fullName": "Analytics Data Generators generateCourseSalesData should generate sales data for all courses",
          "status": "passed",
          "title": "should generate sales data for all courses",
          "duration": 0.06520899999941321,
          "failureMessages": [],
          "meta": {}
        },
        {
          "ancestorTitles": ["Analytics Data Generators", "generateOptionSalesData"],
          "fullName": "Analytics Data Generators generateOptionSalesData should generate sales data for all options",
          "status": "passed",
          "title": "should generate sales data for all options",
          "duration": 0.061916999999994005,
          "failureMessages": [],
          "meta": {}
        },
        {
          "ancestorTitles": ["Analytics Data Generators", "generateMarketingChannelData"],
          "fullName": "Analytics Data Generators generateMarketingChannelData should return a static array of marketing data",
          "status": "passed",
          "title": "should return a static array of marketing data",
          "duration": 0.08091699999931734,
          "failureMessages": [],
          "meta": {}
        },
        {
          "ancestorTitles": ["Analytics Data Generators", "staffPerformanceData"],
          "fullName": "Analytics Data Generators staffPerformanceData should be a non-empty array with the correct structure",
          "status": "passed",
          "title": "should be a non-empty array with the correct structure",
          "duration": 0.06237500000042928,
          "failureMessages": [],
          "meta": {}
        }
      ],
      "startTime": 1754356055397,
      "endTime": 1754356055398.0808,
      "status": "passed",
      "message": "",
      "name": "/Users/pon/dev/salon-management/lib/analytics/data.test.ts"
    },
    {
      "assertionResults": [
        {
          "ancestorTitles": ["AnalyticsUseCases", "getMonthlyReport"],
          "fullName": "AnalyticsUseCases getMonthlyReport should return monthly data for a specific year",
          "status": "passed",
          "title": "should return monthly data for a specific year",
          "duration": 0.3030829999997877,
          "failureMessages": [],
          "meta": {}
        },
        {
          "ancestorTitles": ["AnalyticsUseCases", "getMonthlyReport"],
          "fullName": "AnalyticsUseCases getMonthlyReport should return empty array when no data available",
          "status": "passed",
          "title": "should return empty array when no data available",
          "duration": 0.12862500000028376,
          "failureMessages": [],
          "meta": {}
        },
        {
          "ancestorTitles": ["AnalyticsUseCases", "getDailyReport"],
          "fullName": "AnalyticsUseCases getDailyReport should return daily data for a specific year and month",
          "status": "passed",
          "title": "should return daily data for a specific year and month",
          "duration": 0.14162500000020373,
          "failureMessages": [],
          "meta": {}
        },
        {
          "ancestorTitles": ["AnalyticsUseCases", "getDailyReport"],
          "fullName": "AnalyticsUseCases getDailyReport should handle months with no data",
          "status": "passed",
          "title": "should handle months with no data",
          "duration": 0.11004199999979392,
          "failureMessages": [],
          "meta": {}
        },
        {
          "ancestorTitles": ["AnalyticsUseCases", "getStaffPerformance"],
          "fullName": "AnalyticsUseCases getStaffPerformance should return staff performance data",
          "status": "passed",
          "title": "should return staff performance data",
          "duration": 0.16170899999997346,
          "failureMessages": [],
          "meta": {}
        },
        {
          "ancestorTitles": ["AnalyticsUseCases", "getStaffPerformance"],
          "fullName": "AnalyticsUseCases getStaffPerformance should return empty array when no staff data available",
          "status": "passed",
          "title": "should return empty array when no staff data available",
          "duration": 0.08374999999978172,
          "failureMessages": [],
          "meta": {}
        },
        {
          "ancestorTitles": ["AnalyticsUseCases", "getCourseSalesReport"],
          "fullName": "AnalyticsUseCases getCourseSalesReport should return course sales data for a specific year and month",
          "status": "passed",
          "title": "should return course sales data for a specific year and month",
          "duration": 0.10591700000031778,
          "failureMessages": [],
          "meta": {}
        },
        {
          "ancestorTitles": ["AnalyticsUseCases", "getCourseSalesReport"],
          "fullName": "AnalyticsUseCases getCourseSalesReport should return empty array for future dates",
          "status": "passed",
          "title": "should return empty array for future dates",
          "duration": 0.09195899999986068,
          "failureMessages": [],
          "meta": {}
        },
        {
          "ancestorTitles": ["AnalyticsUseCases", "getOptionSalesReport"],
          "fullName": "AnalyticsUseCases getOptionSalesReport should return option sales data for a specific year",
          "status": "passed",
          "title": "should return option sales data for a specific year",
          "duration": 0.09712500000023283,
          "failureMessages": [],
          "meta": {}
        },
        {
          "ancestorTitles": ["AnalyticsUseCases", "getOptionSalesReport"],
          "fullName": "AnalyticsUseCases getOptionSalesReport should handle years with no option sales",
          "status": "passed",
          "title": "should handle years with no option sales",
          "duration": 0.07816600000023755,
          "failureMessages": [],
          "meta": {}
        },
        {
          "ancestorTitles": ["AnalyticsUseCases", "getMarketingChannelReport"],
          "fullName": "AnalyticsUseCases getMarketingChannelReport should return marketing channel data for a specific year",
          "status": "passed",
          "title": "should return marketing channel data for a specific year",
          "duration": 0.08354199999985212,
          "failureMessages": [],
          "meta": {}
        },
        {
          "ancestorTitles": ["AnalyticsUseCases", "getMarketingChannelReport"],
          "fullName": "AnalyticsUseCases getMarketingChannelReport should return empty array when no marketing data available",
          "status": "passed",
          "title": "should return empty array when no marketing data available",
          "duration": 0.07187500000009095,
          "failureMessages": [],
          "meta": {}
        }
      ],
      "startTime": 1754356053093,
      "endTime": 1754356053095.0835,
      "status": "passed",
      "message": "",
      "name": "/Users/pon/dev/salon-management/lib/analytics/usecases.test.ts"
    },
    {
      "assertionResults": [
        {
          "ancestorTitles": ["Analytics Utilities", "getMonthlyData"],
          "fullName": "Analytics Utilities getMonthlyData should call generateMonthlyData with the correct year and return its result",
          "status": "passed",
          "title": "should call generateMonthlyData with the correct year and return its result",
          "duration": 0.3952080000008209,
          "failureMessages": [],
          "meta": {}
        },
        {
          "ancestorTitles": ["Analytics Utilities", "getDailyData"],
          "fullName": "Analytics Utilities getDailyData should call generateDailyData with the correct year and month and return its result",
          "status": "passed",
          "title": "should call generateDailyData with the correct year and month and return its result",
          "duration": 0.1693330000007336,
          "failureMessages": [],
          "meta": {}
        },
        {
          "ancestorTitles": ["Analytics Utilities", "getStaffPerformanceData"],
          "fullName": "Analytics Utilities getStaffPerformanceData should return staffPerformanceData",
          "status": "passed",
          "title": "should return staffPerformanceData",
          "duration": 0.13720900000043912,
          "failureMessages": [],
          "meta": {}
        }
      ],
      "startTime": 1754356055765,
      "endTime": 1754356055766.1694,
      "status": "passed",
      "message": "",
      "name": "/Users/pon/dev/salon-management/lib/analytics/utils.test.ts"
    },
    {
      "assertionResults": [
        {
          "ancestorTitles": ["Auth Config", "authOptions"],
          "fullName": "Auth Config authOptions should have correct configuration",
          "status": "passed",
          "title": "should have correct configuration",
          "duration": 0.31195800000023155,
          "failureMessages": [],
          "meta": {}
        },
        {
          "ancestorTitles": ["Auth Config", "authOptions"],
          "fullName": "Auth Config authOptions should have a secret in non-production",
          "status": "passed",
          "title": "should have a secret in non-production",
          "duration": 0.07008300000006784,
          "failureMessages": [],
          "meta": {}
        },
        {
          "ancestorTitles": ["Auth Config", "Admin Credentials Provider"],
          "fullName": "Auth Config Admin Credentials Provider should return null for missing credentials",
          "status": "passed",
          "title": "should return null for missing credentials",
          "duration": 0.14787500000011278,
          "failureMessages": [],
          "meta": {}
        },
        {
          "ancestorTitles": ["Auth Config", "Admin Credentials Provider"],
          "fullName": "Auth Config Admin Credentials Provider should handle rate limiting",
          "status": "passed",
          "title": "should handle rate limiting",
          "duration": 0.13337500000034197,
          "failureMessages": [],
          "meta": {}
        },
        {
          "ancestorTitles": ["Auth Config", "Admin Credentials Provider"],
          "fullName": "Auth Config Admin Credentials Provider should return null for non-existent admin",
          "status": "passed",
          "title": "should return null for non-existent admin",
          "duration": 0.1380420000000413,
          "failureMessages": [],
          "meta": {}
        },
        {
          "ancestorTitles": ["Auth Config", "Admin Credentials Provider"],
          "fullName": "Auth Config Admin Credentials Provider should handle inactive admin",
          "status": "passed",
          "title": "should handle inactive admin",
          "duration": 0.2555419999998776,
          "failureMessages": [],
          "meta": {}
        },
        {
          "ancestorTitles": ["Auth Config", "Admin Credentials Provider"],
          "fullName": "Auth Config Admin Credentials Provider should return null for invalid password",
          "status": "passed",
          "title": "should return null for invalid password",
          "duration": 0.11979200000041601,
          "failureMessages": [],
          "meta": {}
        },
        {
          "ancestorTitles": ["Auth Config", "Admin Credentials Provider"],
          "fullName": "Auth Config Admin Credentials Provider should successfully authenticate admin with permissions",
          "status": "passed",
          "title": "should successfully authenticate admin with permissions",
          "duration": 0.17812499999990905,
          "failureMessages": [],
          "meta": {}
        },
        {
          "ancestorTitles": ["Auth Config", "Admin Credentials Provider"],
          "fullName": "Auth Config Admin Credentials Provider should handle invalid permissions JSON gracefully",
          "status": "passed",
          "title": "should handle invalid permissions JSON gracefully",
          "duration": 0.0999589999996715,
          "failureMessages": [],
          "meta": {}
        },
        {
          "ancestorTitles": ["Auth Config", "Admin Credentials Provider"],
          "fullName": "Auth Config Admin Credentials Provider should handle database errors",
          "status": "passed",
          "title": "should handle database errors",
          "duration": 1.0760839999998097,
          "failureMessages": [],
          "meta": {}
        },
        {
          "ancestorTitles": ["Auth Config", "Customer Credentials Provider"],
          "fullName": "Auth Config Customer Credentials Provider should return null for missing credentials",
          "status": "passed",
          "title": "should return null for missing credentials",
          "duration": 0.11387500000000728,
          "failureMessages": [],
          "meta": {}
        },
        {
          "ancestorTitles": ["Auth Config", "Customer Credentials Provider"],
          "fullName": "Auth Config Customer Credentials Provider should handle rate limiting",
          "status": "passed",
          "title": "should handle rate limiting",
          "duration": 0.10870799999975134,
          "failureMessages": [],
          "meta": {}
        },
        {
          "ancestorTitles": ["Auth Config", "Customer Credentials Provider"],
          "fullName": "Auth Config Customer Credentials Provider should return null for non-existent customer",
          "status": "passed",
          "title": "should return null for non-existent customer",
          "duration": 0.11679099999992104,
          "failureMessages": [],
          "meta": {}
        },
        {
          "ancestorTitles": ["Auth Config", "Customer Credentials Provider"],
          "fullName": "Auth Config Customer Credentials Provider should successfully authenticate customer",
          "status": "passed",
          "title": "should successfully authenticate customer",
          "duration": 0.20870800000011513,
          "failureMessages": [],
          "meta": {}
        },
        {
          "ancestorTitles": ["Auth Config", "Customer Credentials Provider"],
          "fullName": "Auth Config Customer Credentials Provider should use default name if customer name is null",
          "status": "passed",
          "title": "should use default name if customer name is null",
          "duration": 0.11129200000004857,
          "failureMessages": [],
          "meta": {}
        },
        {
          "ancestorTitles": ["Auth Config", "Callbacks"],
          "fullName": "Auth Config Callbacks should handle jwt callback correctly",
          "status": "passed",
          "title": "should handle jwt callback correctly",
          "duration": 0.11604200000010678,
          "failureMessages": [],
          "meta": {}
        },
        {
          "ancestorTitles": ["Auth Config", "Callbacks"],
          "fullName": "Auth Config Callbacks should handle jwt callback without user",
          "status": "passed",
          "title": "should handle jwt callback without user",
          "duration": 0.07270900000003166,
          "failureMessages": [],
          "meta": {}
        },
        {
          "ancestorTitles": ["Auth Config", "Callbacks"],
          "fullName": "Auth Config Callbacks should handle session callback correctly",
          "status": "passed",
          "title": "should handle session callback correctly",
          "duration": 0.10341600000037943,
          "failureMessages": [],
          "meta": {}
        }
      ],
      "startTime": 1754356052585,
      "endTime": 1754356052589.116,
      "status": "passed",
      "message": "",
      "name": "/Users/pon/dev/salon-management/lib/auth/config.test.ts"
    },
    {
      "assertionResults": [
        {
          "ancestorTitles": ["Rate Limiting", "checkRateLimit"],
          "fullName": "Rate Limiting checkRateLimit should allow first attempt",
          "status": "passed",
          "title": "should allow first attempt",
          "duration": 0.8555420000002414,
          "failureMessages": [],
          "meta": {}
        },
        {
          "ancestorTitles": ["Rate Limiting", "checkRateLimit"],
          "fullName": "Rate Limiting checkRateLimit should allow attempts within limit",
          "status": "passed",
          "title": "should allow attempts within limit",
          "duration": 0.2545829999999114,
          "failureMessages": [],
          "meta": {}
        },
        {
          "ancestorTitles": ["Rate Limiting", "checkRateLimit"],
          "fullName": "Rate Limiting checkRateLimit should block after max attempts",
          "status": "passed",
          "title": "should block after max attempts",
          "duration": 0.24254199999995762,
          "failureMessages": [],
          "meta": {}
        },
        {
          "ancestorTitles": ["Rate Limiting", "checkRateLimit"],
          "fullName": "Rate Limiting checkRateLimit should calculate correct retry time during lockout",
          "status": "passed",
          "title": "should calculate correct retry time during lockout",
          "duration": 0.35287500000049477,
          "failureMessages": [],
          "meta": {}
        },
        {
          "ancestorTitles": ["Rate Limiting", "checkRateLimit"],
          "fullName": "Rate Limiting checkRateLimit should allow access after lockout expires",
          "status": "passed",
          "title": "should allow access after lockout expires",
          "duration": 0.2240830000000642,
          "failureMessages": [],
          "meta": {}
        },
        {
          "ancestorTitles": ["Rate Limiting", "checkRateLimit"],
          "fullName": "Rate Limiting checkRateLimit should reset attempts after time window expires",
          "status": "passed",
          "title": "should reset attempts after time window expires",
          "duration": 0.22066699999959383,
          "failureMessages": [],
          "meta": {}
        },
        {
          "ancestorTitles": ["Rate Limiting", "recordLoginAttempt"],
          "fullName": "Rate Limiting recordLoginAttempt should clear attempts on successful login",
          "status": "passed",
          "title": "should clear attempts on successful login",
          "duration": 0.21070899999995163,
          "failureMessages": [],
          "meta": {}
        },
        {
          "ancestorTitles": ["Rate Limiting", "recordLoginAttempt"],
          "fullName": "Rate Limiting recordLoginAttempt should increment count for failed attempts",
          "status": "passed",
          "title": "should increment count for failed attempts",
          "duration": 0.21983300000010786,
          "failureMessages": [],
          "meta": {}
        },
        {
          "ancestorTitles": ["Rate Limiting", "recordLoginAttempt"],
          "fullName": "Rate Limiting recordLoginAttempt should reset count if window expired",
          "status": "passed",
          "title": "should reset count if window expired",
          "duration": 0.2225829999997586,
          "failureMessages": [],
          "meta": {}
        },
        {
          "ancestorTitles": ["Rate Limiting", "cleanup interval"],
          "fullName": "Rate Limiting cleanup interval should clean up old entries",
          "status": "passed",
          "title": "should clean up old entries",
          "duration": 0.2704999999996289,
          "failureMessages": [],
          "meta": {}
        }
      ],
      "startTime": 1754356054953,
      "endTime": 1754356054955.2705,
      "status": "passed",
      "message": "",
      "name": "/Users/pon/dev/salon-management/lib/auth/rate-limit.test.ts"
    },
    {
      "assertionResults": [
        {
          "ancestorTitles": ["Auth Utils", "requireAdmin"],
          "fullName": "Auth Utils requireAdmin should return null for admin users",
          "status": "passed",
          "title": "should return null for admin users",
          "duration": 0.7173339999999371,
          "failureMessages": [],
          "meta": {}
        },
        {
          "ancestorTitles": ["Auth Utils", "requireAdmin"],
          "fullName": "Auth Utils requireAdmin should return 401 error for non-admin users",
          "status": "passed",
          "title": "should return 401 error for non-admin users",
          "duration": 0.24099999999998545,
          "failureMessages": [],
          "meta": {}
        },
        {
          "ancestorTitles": ["Auth Utils", "requireAdmin"],
          "fullName": "Auth Utils requireAdmin should return 401 error when no session exists",
          "status": "passed",
          "title": "should return 401 error when no session exists",
          "duration": 0.1687499999998181,
          "failureMessages": [],
          "meta": {}
        },
        {
          "ancestorTitles": ["Auth Utils", "requireAdmin"],
          "fullName": "Auth Utils requireAdmin should handle session without role gracefully",
          "status": "passed",
          "title": "should handle session without role gracefully",
          "duration": 0.18320799999946757,
          "failureMessages": [],
          "meta": {}
        }
      ],
      "startTime": 1754356055683,
      "endTime": 1754356055684.241,
      "status": "passed",
      "message": "",
      "name": "/Users/pon/dev/salon-management/lib/auth/utils.test.ts"
    },
    {
      "assertionResults": [
        {
          "ancestorTitles": ["CastRepositoryImpl", "getAll"],
          "fullName": "CastRepositoryImpl getAll should fetch all casts successfully",
          "status": "passed",
          "title": "should fetch all casts successfully",
          "duration": 0.4361659999999574,
          "failureMessages": [],
          "meta": {}
        },
        {
          "ancestorTitles": ["CastRepositoryImpl", "getAll"],
          "fullName": "CastRepositoryImpl getAll should throw error when fetch fails",
          "status": "passed",
          "title": "should throw error when fetch fails",
          "duration": 0.29320800000004965,
          "failureMessages": [],
          "meta": {}
        },
        {
          "ancestorTitles": ["CastRepositoryImpl", "getById"],
          "fullName": "CastRepositoryImpl getById should fetch cast by id successfully",
          "status": "passed",
          "title": "should fetch cast by id successfully",
          "duration": 0.2621249999997417,
          "failureMessages": [],
          "meta": {}
        },
        {
          "ancestorTitles": ["CastRepositoryImpl", "getById"],
          "fullName": "CastRepositoryImpl getById should return null for 404 response",
          "status": "passed",
          "title": "should return null for 404 response",
          "duration": 0.2327909999999065,
          "failureMessages": [],
          "meta": {}
        },
        {
          "ancestorTitles": ["CastRepositoryImpl", "getById"],
          "fullName": "CastRepositoryImpl getById should throw error for other failures",
          "status": "passed",
          "title": "should throw error for other failures",
          "duration": 0.2701659999997901,
          "failureMessages": [],
          "meta": {}
        },
        {
          "ancestorTitles": ["CastRepositoryImpl", "create"],
          "fullName": "CastRepositoryImpl create should create cast successfully",
          "status": "passed",
          "title": "should create cast successfully",
          "duration": 0.31237499999997453,
          "failureMessages": [],
          "meta": {}
        },
        {
          "ancestorTitles": ["CastRepositoryImpl", "create"],
          "fullName": "CastRepositoryImpl create should throw error when create fails",
          "status": "passed",
          "title": "should throw error when create fails",
          "duration": 0.24870800000007875,
          "failureMessages": [],
          "meta": {}
        },
        {
          "ancestorTitles": ["CastRepositoryImpl", "update"],
          "fullName": "CastRepositoryImpl update should update cast successfully",
          "status": "passed",
          "title": "should update cast successfully",
          "duration": 0.27958300000000236,
          "failureMessages": [],
          "meta": {}
        },
        {
          "ancestorTitles": ["CastRepositoryImpl", "update"],
          "fullName": "CastRepositoryImpl update should throw error when update fails",
          "status": "passed",
          "title": "should throw error when update fails",
          "duration": 0.2446669999999358,
          "failureMessages": [],
          "meta": {}
        },
        {
          "ancestorTitles": ["CastRepositoryImpl", "delete"],
          "fullName": "CastRepositoryImpl delete should delete cast successfully",
          "status": "passed",
          "title": "should delete cast successfully",
          "duration": 0.2503340000002936,
          "failureMessages": [],
          "meta": {}
        },
        {
          "ancestorTitles": ["CastRepositoryImpl", "delete"],
          "fullName": "CastRepositoryImpl delete should throw error when delete fails",
          "status": "passed",
          "title": "should throw error when delete fails",
          "duration": 0.26529200000004494,
          "failureMessages": [],
          "meta": {}
        },
        {
          "ancestorTitles": ["CastRepositoryImpl", "getCastSchedule"],
          "fullName": "CastRepositoryImpl getCastSchedule should fetch schedules successfully",
          "status": "passed",
          "title": "should fetch schedules successfully",
          "duration": 0.3853339999996024,
          "failureMessages": [],
          "meta": {}
        },
        {
          "ancestorTitles": ["CastRepositoryImpl", "getCastSchedule"],
          "fullName": "CastRepositoryImpl getCastSchedule should throw error when fetch fails",
          "status": "passed",
          "title": "should throw error when fetch fails",
          "duration": 0.3375829999999951,
          "failureMessages": [],
          "meta": {}
        },
        {
          "ancestorTitles": ["CastRepositoryImpl", "updateCastSchedule"],
          "fullName": "CastRepositoryImpl updateCastSchedule should update existing schedule successfully",
          "status": "passed",
          "title": "should update existing schedule successfully",
          "duration": 0.4120829999997113,
          "failureMessages": [],
          "meta": {}
        },
        {
          "ancestorTitles": ["CastRepositoryImpl", "updateCastSchedule"],
          "fullName": "CastRepositoryImpl updateCastSchedule should create new schedule when none exists",
          "status": "passed",
          "title": "should create new schedule when none exists",
          "duration": 0.31062500000007276,
          "failureMessages": [],
          "meta": {}
        },
        {
          "ancestorTitles": ["CastRepositoryImpl", "updateCastSchedule"],
          "fullName": "CastRepositoryImpl updateCastSchedule should throw error when update fails",
          "status": "passed",
          "title": "should throw error when update fails",
          "duration": 0.30587500000001455,
          "failureMessages": [],
          "meta": {}
        }
      ],
      "startTime": 1754356053168,
      "endTime": 1754356053173.3105,
      "status": "passed",
      "message": "",
      "name": "/Users/pon/dev/salon-management/lib/cast/repository-impl.test.ts"
    },
    {
      "assertionResults": [
        {
          "ancestorTitles": ["CastUseCases", "getCastSchedule"],
          "fullName": "CastUseCases getCastSchedule should call repository's getCastSchedule and return the schedule",
          "status": "passed",
          "title": "should call repository's getCastSchedule and return the schedule",
          "duration": 0.2828749999998763,
          "failureMessages": [],
          "meta": {}
        },
        {
          "ancestorTitles": ["CastUseCases", "updateCastSchedule"],
          "fullName": "CastUseCases updateCastSchedule should call repository's updateCastSchedule with correct arguments",
          "status": "passed",
          "title": "should call repository's updateCastSchedule with correct arguments",
          "duration": 0.1492499999994834,
          "failureMessages": [],
          "meta": {}
        },
        {
          "ancestorTitles": ["CastUseCases", "getById (from BaseUseCasesImpl)"],
          "fullName": "CastUseCases getById (from BaseUseCasesImpl) should call repository's getById and return a cast",
          "status": "passed",
          "title": "should call repository's getById and return a cast",
          "duration": 0.13625000000047294,
          "failureMessages": [],
          "meta": {}
        }
      ],
      "startTime": 1754356055578,
      "endTime": 1754356055579.1492,
      "status": "passed",
      "message": "",
      "name": "/Users/pon/dev/salon-management/lib/cast/usecases.test.ts"
    },
    {
      "assertionResults": [
        {
          "ancestorTitles": ["Schedule Errors"],
          "fullName": "Schedule Errors should create ScheduleNotFoundError with correct properties",
          "status": "passed",
          "title": "should create ScheduleNotFoundError with correct properties",
          "duration": 0.12162499999976717,
          "failureMessages": [],
          "meta": {}
        },
        {
          "ancestorTitles": ["Schedule Errors"],
          "fullName": "Schedule Errors should create ShiftNotFoundError with correct properties",
          "status": "passed",
          "title": "should create ShiftNotFoundError with correct properties",
          "duration": 0.06445900000016991,
          "failureMessages": [],
          "meta": {}
        },
        {
          "ancestorTitles": ["Schedule Errors"],
          "fullName": "Schedule Errors should create PatternNotFoundError with correct properties",
          "status": "passed",
          "title": "should create PatternNotFoundError with correct properties",
          "duration": 0.058958999999958905,
          "failureMessages": [],
          "meta": {}
        },
        {
          "ancestorTitles": ["Schedule Errors"],
          "fullName": "Schedule Errors should create LeaveRequestNotFoundError with correct properties",
          "status": "passed",
          "title": "should create LeaveRequestNotFoundError with correct properties",
          "duration": 0.05633300000044983,
          "failureMessages": [],
          "meta": {}
        },
        {
          "ancestorTitles": ["Schedule Errors"],
          "fullName": "Schedule Errors should create ShiftConflictError with correct properties",
          "status": "passed",
          "title": "should create ShiftConflictError with correct properties",
          "duration": 0.10662500000034925,
          "failureMessages": [],
          "meta": {}
        },
        {
          "ancestorTitles": ["Schedule Errors"],
          "fullName": "Schedule Errors should create InvalidTimeFormatError with correct properties",
          "status": "passed",
          "title": "should create InvalidTimeFormatError with correct properties",
          "duration": 0.04879200000050332,
          "failureMessages": [],
          "meta": {}
        },
        {
          "ancestorTitles": ["Schedule Errors"],
          "fullName": "Schedule Errors should create InvalidDateRangeError with correct properties",
          "status": "passed",
          "title": "should create InvalidDateRangeError with correct properties",
          "duration": 0.07150000000001455,
          "failureMessages": [],
          "meta": {}
        },
        {
          "ancestorTitles": ["Schedule Errors"],
          "fullName": "Schedule Errors should create UnauthorizedScheduleOperationError with reason",
          "status": "passed",
          "title": "should create UnauthorizedScheduleOperationError with reason",
          "duration": 0.05570799999986775,
          "failureMessages": [],
          "meta": {}
        },
        {
          "ancestorTitles": ["Schedule Errors"],
          "fullName": "Schedule Errors should create UnauthorizedScheduleOperationError without reason",
          "status": "passed",
          "title": "should create UnauthorizedScheduleOperationError without reason",
          "duration": 0.03491699999995035,
          "failureMessages": [],
          "meta": {}
        }
      ],
      "startTime": 1754356055409,
      "endTime": 1754356055409.1216,
      "status": "passed",
      "message": "",
      "name": "/Users/pon/dev/salon-management/lib/cast-schedule/errors.test.ts"
    },
    {
      "assertionResults": [
        {
          "ancestorTitles": ["Schedule Permissions", "canApproveLeaveRequest"],
          "fullName": "Schedule Permissions canApproveLeaveRequest should allow admin to approve leave requests",
          "status": "passed",
          "title": "should allow admin to approve leave requests",
          "duration": 0.17474999999922147,
          "failureMessages": [],
          "meta": {}
        },
        {
          "ancestorTitles": ["Schedule Permissions", "canApproveLeaveRequest"],
          "fullName": "Schedule Permissions canApproveLeaveRequest should allow manager to approve leave requests",
          "status": "passed",
          "title": "should allow manager to approve leave requests",
          "duration": 0.07683300000007875,
          "failureMessages": [],
          "meta": {}
        },
        {
          "ancestorTitles": ["Schedule Permissions", "canApproveLeaveRequest"],
          "fullName": "Schedule Permissions canApproveLeaveRequest should deny cast without permission",
          "status": "passed",
          "title": "should deny cast without permission",
          "duration": 0.0712919999996302,
          "failureMessages": [],
          "meta": {}
        },
        {
          "ancestorTitles": ["Schedule Permissions", "canApproveLeaveRequest"],
          "fullName": "Schedule Permissions canApproveLeaveRequest should allow staff with specific permission",
          "status": "passed",
          "title": "should allow staff with specific permission",
          "duration": 0.07225000000016735,
          "failureMessages": [],
          "meta": {}
        },
        {
          "ancestorTitles": ["Schedule Permissions", "canCreateSchedule"],
          "fullName": "Schedule Permissions canCreateSchedule should allow admin to create schedules",
          "status": "passed",
          "title": "should allow admin to create schedules",
          "duration": 0.08608300000014424,
          "failureMessages": [],
          "meta": {}
        },
        {
          "ancestorTitles": ["Schedule Permissions", "canCreateSchedule"],
          "fullName": "Schedule Permissions canCreateSchedule should allow manager to create schedules",
          "status": "passed",
          "title": "should allow manager to create schedules",
          "duration": 0.0621659999997064,
          "failureMessages": [],
          "meta": {}
        },
        {
          "ancestorTitles": ["Schedule Permissions", "canCreateSchedule"],
          "fullName": "Schedule Permissions canCreateSchedule should deny cast without permission",
          "status": "passed",
          "title": "should deny cast without permission",
          "duration": 0.060666999999739346,
          "failureMessages": [],
          "meta": {}
        },
        {
          "ancestorTitles": ["Schedule Permissions", "canCreateSchedule"],
          "fullName": "Schedule Permissions canCreateSchedule should allow cast with specific permission",
          "status": "passed",
          "title": "should allow cast with specific permission",
          "duration": 0.06570800000008603,
          "failureMessages": [],
          "meta": {}
        },
        {
          "ancestorTitles": ["Schedule Permissions", "canEditSchedule"],
          "fullName": "Schedule Permissions canEditSchedule should allow admin to edit any schedule",
          "status": "passed",
          "title": "should allow admin to edit any schedule",
          "duration": 0.116916000000856,
          "failureMessages": [],
          "meta": {}
        },
        {
          "ancestorTitles": ["Schedule Permissions", "canEditSchedule"],
          "fullName": "Schedule Permissions canEditSchedule should allow manager to edit schedules",
          "status": "passed",
          "title": "should allow manager to edit schedules",
          "duration": 0.06866699999955017,
          "failureMessages": [],
          "meta": {}
        },
        {
          "ancestorTitles": ["Schedule Permissions", "canEditSchedule"],
          "fullName": "Schedule Permissions canEditSchedule should allow cast to edit own schedule with permission",
          "status": "passed",
          "title": "should allow cast to edit own schedule with permission",
          "duration": 0.0650420000001759,
          "failureMessages": [],
          "meta": {}
        },
        {
          "ancestorTitles": ["Schedule Permissions", "canEditSchedule"],
          "fullName": "Schedule Permissions canEditSchedule should deny cast to edit own schedule without permission",
          "status": "passed",
          "title": "should deny cast to edit own schedule without permission",
          "duration": 0.07516599999962637,
          "failureMessages": [],
          "meta": {}
        },
        {
          "ancestorTitles": ["Schedule Permissions", "canEditSchedule"],
          "fullName": "Schedule Permissions canEditSchedule should deny cast to edit other cast schedule",
          "status": "passed",
          "title": "should deny cast to edit other cast schedule",
          "duration": 0.06524999999965075,
          "failureMessages": [],
          "meta": {}
        },
        {
          "ancestorTitles": ["Schedule Permissions", "canDeleteSchedule"],
          "fullName": "Schedule Permissions canDeleteSchedule should allow only admin to delete schedules",
          "status": "passed",
          "title": "should allow only admin to delete schedules",
          "duration": 0.07916599999953178,
          "failureMessages": [],
          "meta": {}
        },
        {
          "ancestorTitles": ["Schedule Permissions", "canDeleteSchedule"],
          "fullName": "Schedule Permissions canDeleteSchedule should deny manager to delete schedules",
          "status": "passed",
          "title": "should deny manager to delete schedules",
          "duration": 0.06354199999987031,
          "failureMessages": [],
          "meta": {}
        },
        {
          "ancestorTitles": ["Schedule Permissions", "canDeleteSchedule"],
          "fullName": "Schedule Permissions canDeleteSchedule should allow user with specific permission",
          "status": "passed",
          "title": "should allow user with specific permission",
          "duration": 0.06541599999945902,
          "failureMessages": [],
          "meta": {}
        },
        {
          "ancestorTitles": ["Schedule Permissions", "checkPermission helper"],
          "fullName": "Schedule Permissions checkPermission helper should check permissions using helper function",
          "status": "passed",
          "title": "should check permissions using helper function",
          "duration": 0.15374999999949068,
          "failureMessages": [],
          "meta": {}
        }
      ],
      "startTime": 1754356054982,
      "endTime": 1754356054983.1538,
      "status": "passed",
      "message": "",
      "name": "/Users/pon/dev/salon-management/lib/cast-schedule/permissions.test.ts"
    },
    {
      "assertionResults": [
        {
          "ancestorTitles": ["CastScheduleRepositoryImpl", "Schedule operations"],
          "fullName": "CastScheduleRepositoryImpl Schedule operations should create and find a schedule",
          "status": "passed",
          "title": "should create and find a schedule",
          "duration": 0.16783299999997325,
          "failureMessages": [],
          "meta": {}
        },
        {
          "ancestorTitles": ["CastScheduleRepositoryImpl", "Schedule operations"],
          "fullName": "CastScheduleRepositoryImpl Schedule operations should find schedules by cast ID and date range",
          "status": "passed",
          "title": "should find schedules by cast ID and date range",
          "duration": 0.10933299999987867,
          "failureMessages": [],
          "meta": {}
        },
        {
          "ancestorTitles": ["CastScheduleRepositoryImpl", "Schedule operations"],
          "fullName": "CastScheduleRepositoryImpl Schedule operations should update a schedule",
          "status": "passed",
          "title": "should update a schedule",
          "duration": 11.177666999999929,
          "failureMessages": [],
          "meta": {}
        },
        {
          "ancestorTitles": ["CastScheduleRepositoryImpl", "Schedule operations"],
          "fullName": "CastScheduleRepositoryImpl Schedule operations should delete a schedule",
          "status": "passed",
          "title": "should delete a schedule",
          "duration": 0.06125000000020009,
[...]
          "status": "passed",
          "title": "should handle database update failure",
          "duration": 0.33829100000002654,
          "failureMessages": [],
          "meta": {}
        },
        {
          "ancestorTitles": ["POST /api/auth/reset-password"],
          "fullName": "POST /api/auth/reset-password should handle invalid JSON body",
          "status": "passed",
          "title": "should handle invalid JSON body",
          "duration": 0.28487500000028376,
          "failureMessages": [],
          "meta": {}
        }
      ],
      "startTime": 1754356054468,
      "endTime": 1754356054471.285,
      "status": "passed",
      "message": "",
      "name": "/Users/pon/dev/salon-management/app/api/auth/reset-password/route.test.ts"
    },
    {
      "assertionResults": [
        {
          "ancestorTitles": ["POST /api/cast-schedule/batch"],
          "fullName": "POST /api/cast-schedule/batch should create and update schedules in batch",
          "status": "passed",
          "title": "should create and update schedules in batch",
          "duration": 0.9738750000005894,
          "failureMessages": [],
          "meta": {}
        },
        {
          "ancestorTitles": ["POST /api/cast-schedule/batch"],
          "fullName": "POST /api/cast-schedule/batch should require admin authentication",
          "status": "passed",
          "title": "should require admin authentication",
          "duration": 0.38233299999956216,
          "failureMessages": [],
          "meta": {}
        },
        {
          "ancestorTitles": ["POST /api/cast-schedule/batch"],
          "fullName": "POST /api/cast-schedule/batch should validate request body",
          "status": "passed",
          "title": "should validate request body",
          "duration": 0.37862500000028376,
          "failureMessages": [],
          "meta": {}
        },
        {
          "ancestorTitles": ["POST /api/cast-schedule/batch"],
          "fullName": "POST /api/cast-schedule/batch should handle transaction errors",
          "status": "passed",
          "title": "should handle transaction errors",
          "duration": 0.6567500000001019,
          "failureMessages": [],
          "meta": {}
        }
      ],
      "startTime": 1754356055025,
      "endTime": 1754356055027.6567,
      "status": "passed",
      "message": "",
      "name": "/Users/pon/dev/salon-management/app/api/cast-schedule/batch/route.test.ts"
    },
    {
      "assertionResults": [
        {
          "ancestorTitles": ["Chat Customers API", "GET /api/chat/customers"],
          "fullName": "Chat Customers API GET /api/chat/customers should fetch all customers with last message info from database",
          "status": "passed",
          "title": "should fetch all customers with last message info from database",
          "duration": 0.9492920000002414,
          "failureMessages": [],
          "meta": {}
        },
        {
          "ancestorTitles": ["Chat Customers API", "GET /api/chat/customers"],
          "fullName": "Chat Customers API GET /api/chat/customers should fetch specific customer by id",
          "status": "passed",
          "title": "should fetch specific customer by id",
          "duration": 0.4862079999998059,
          "failureMessages": [],
          "meta": {}
        },
        {
          "ancestorTitles": ["Chat Customers API", "GET /api/chat/customers"],
          "fullName": "Chat Customers API GET /api/chat/customers should return 404 if customer not found",
          "status": "passed",
          "title": "should return 404 if customer not found",
          "duration": 0.33754199999975754,
          "failureMessages": [],
          "meta": {}
        },
        {
          "ancestorTitles": ["Chat Customers API", "GET /api/chat/customers"],
          "fullName": "Chat Customers API GET /api/chat/customers should return 401 if not authenticated as admin",
          "status": "passed",
          "title": "should return 401 if not authenticated as admin",
          "duration": 0.25241600000026665,
          "failureMessages": [],
          "meta": {}
        }
      ],
      "startTime": 1754356054374,
      "endTime": 1754356054376.3376,
      "status": "passed",
      "message": "",
      "name": "/Users/pon/dev/salon-management/app/api/chat/customers/route.test.ts"
    },
    {
      "assertionResults": [
        {
          "ancestorTitles": ["/api/payments", "POST /api/payments"],
          "fullName": "/api/payments POST /api/payments should process payment successfully",
          "status": "passed",
          "title": "should process payment successfully",
          "duration": 0.7417919999998048,
          "failureMessages": [],
          "meta": {}
        },
        {
          "ancestorTitles": ["/api/payments", "POST /api/payments"],
          "fullName": "/api/payments POST /api/payments should return 400 for invalid payment data",
          "status": "passed",
          "title": "should return 400 for invalid payment data",
          "duration": 0.379917000000205,
          "failureMessages": [],
          "meta": {}
        },
        {
          "ancestorTitles": ["/api/payments", "POST /api/payments"],
          "fullName": "/api/payments POST /api/payments should handle payment processing failure",
          "status": "passed",
          "title": "should handle payment processing failure",
          "duration": 0.35770899999988615,
          "failureMessages": [],
          "meta": {}
        },
        {
          "ancestorTitles": ["/api/payments", "GET /api/payments"],
          "fullName": "/api/payments GET /api/payments should get payment history by customerId",
          "status": "passed",
          "title": "should get payment history by customerId",
          "duration": 0.45024999999986903,
          "failureMessages": [],
          "meta": {}
        },
        {
          "ancestorTitles": ["/api/payments", "GET /api/payments"],
          "fullName": "/api/payments GET /api/payments should get payment history by reservationId",
          "status": "passed",
          "title": "should get payment history by reservationId",
          "duration": 0.395542000000205,
          "failureMessages": [],
          "meta": {}
        },
        {
          "ancestorTitles": ["/api/payments", "GET /api/payments"],
          "fullName": "/api/payments GET /api/payments should return 400 when no query parameters provided",
          "status": "passed",
          "title": "should return 400 when no query parameters provided",
          "duration": 0.2907500000001164,
          "failureMessages": [],
          "meta": {}
        }
      ],
      "startTime": 1754356054939,
      "endTime": 1754356054942.2908,
      "status": "passed",
      "message": "",
      "name": "/Users/pon/dev/salon-management/app/api/payments/__tests__/route.test.ts"
    },
    {
      "assertionResults": [
        {
          "ancestorTitles": ["GET /api/reservation/availability"],
          "fullName": "GET /api/reservation/availability should return available time slots for a specific cast and date",
          "status": "passed",
          "title": "should return available time slots for a specific cast and date",
          "duration": 1.7849169999999503,
          "failureMessages": [],
          "meta": {}
        },
        {
          "ancestorTitles": ["GET /api/reservation/availability"],
          "fullName": "GET /api/reservation/availability should check for conflicts when a specific time range is provided",
          "status": "passed",
          "title": "should check for conflicts when a specific time range is provided",
          "duration": 0.587500000000091,
          "failureMessages": [],
          "meta": {}
        },
        {
          "ancestorTitles": ["GET /api/reservation/availability"],
          "fullName": "GET /api/reservation/availability should return true when no conflicts exist",
          "status": "passed",
          "title": "should return true when no conflicts exist",
          "duration": 0.47841699999980847,
          "failureMessages": [],
          "meta": {}
        },
        {
          "ancestorTitles": ["GET /api/reservation/availability"],
          "fullName": "GET /api/reservation/availability should handle multiple cast availability check",
          "status": "passed",
          "title": "should handle multiple cast availability check",
          "duration": 0.5023750000000291,
          "failureMessages": [],
          "meta": {}
        },
        {
          "ancestorTitles": ["GET /api/reservation/availability"],
          "fullName": "GET /api/reservation/availability should exclude cancelled reservations from conflict check",
          "status": "passed",
          "title": "should exclude cancelled reservations from conflict check",
          "duration": 0.4942909999999756,
          "failureMessages": [],
          "meta": {}
        },
        {
          "ancestorTitles": ["GET /api/reservation/availability"],
          "fullName": "GET /api/reservation/availability should validate required parameters",
          "status": "passed",
          "title": "should validate required parameters",
          "duration": 0.3510830000000169,
          "failureMessages": [],
          "meta": {}
        },
        {
          "ancestorTitles": ["GET /api/reservation/availability"],
          "fullName": "GET /api/reservation/availability should handle invalid date formats",
          "status": "passed",
          "title": "should handle invalid date formats",
          "duration": 0.41204100000004473,
          "failureMessages": [],
          "meta": {}
        },
        {
          "ancestorTitles": ["GET /api/reservation/availability"],
          "fullName": "GET /api/reservation/availability should handle database errors gracefully",
          "status": "passed",
          "title": "should handle database errors gracefully",
          "duration": 0.49633300000004965,
          "failureMessages": [],
          "meta": {}
        }
      ],
      "startTime": 1754356054354,
      "endTime": 1754356054359.4963,
      "status": "passed",
      "message": "",
      "name": "/Users/pon/dev/salon-management/app/api/reservation/availability/route.test.ts"
    },
    {
      "assertionResults": [
        {
          "ancestorTitles": ["POST /api/auth/verify-email/confirm"],
          "fullName": "POST /api/auth/verify-email/confirm should verify email with valid token",
          "status": "passed",
          "title": "should verify email with valid token",
          "duration": 0.8122079999998277,
          "failureMessages": [],
          "meta": {}
        },
        {
          "ancestorTitles": ["POST /api/auth/verify-email/confirm"],
          "fullName": "POST /api/auth/verify-email/confirm should return success for already verified email",
          "status": "passed",
          "title": "should return success for already verified email",
          "duration": 0.37112500000012005,
          "failureMessages": [],
          "meta": {}
        },
        {
          "ancestorTitles": ["POST /api/auth/verify-email/confirm"],
          "fullName": "POST /api/auth/verify-email/confirm should return error for invalid token",
          "status": "passed",
          "title": "should return error for invalid token",
          "duration": 0.33341699999982666,
          "failureMessages": [],
          "meta": {}
        },
        {
          "ancestorTitles": ["POST /api/auth/verify-email/confirm"],
          "fullName": "POST /api/auth/verify-email/confirm should return error for expired token",
          "status": "passed",
          "title": "should return error for expired token",
          "duration": 0.2870419999999285,
          "failureMessages": [],
          "meta": {}
        },
        {
          "ancestorTitles": ["POST /api/auth/verify-email/confirm"],
          "fullName": "POST /api/auth/verify-email/confirm should return error for missing token",
          "status": "passed",
          "title": "should return error for missing token",
          "duration": 0.31170799999972587,
          "failureMessages": [],
          "meta": {}
        },
        {
          "ancestorTitles": ["POST /api/auth/verify-email/confirm"],
          "fullName": "POST /api/auth/verify-email/confirm should return error for empty token",
          "status": "passed",
          "title": "should return error for empty token",
          "duration": 0.3043750000001637,
          "failureMessages": [],
          "meta": {}
        },
        {
          "ancestorTitles": ["POST /api/auth/verify-email/confirm"],
          "fullName": "POST /api/auth/verify-email/confirm should handle database update failure",
          "status": "passed",
          "title": "should handle database update failure",
          "duration": 0.30712499999981446,
          "failureMessages": [],
          "meta": {}
        },
        {
          "ancestorTitles": ["POST /api/auth/verify-email/confirm"],
          "fullName": "POST /api/auth/verify-email/confirm should handle database find failure",
          "status": "passed",
          "title": "should handle database find failure",
          "duration": 0.28595899999982066,
          "failureMessages": [],
          "meta": {}
        },
        {
          "ancestorTitles": ["POST /api/auth/verify-email/confirm"],
          "fullName": "POST /api/auth/verify-email/confirm should handle invalid JSON body",
          "status": "passed",
          "title": "should handle invalid JSON body",
          "duration": 0.3040419999997539,
          "failureMessages": [],
          "meta": {}
        }
      ],
      "startTime": 1754356054540,
      "endTime": 1754356054543.304,
      "status": "passed",
      "message": "",
      "name": "/Users/pon/dev/salon-management/app/api/auth/verify-email/confirm/route.test.ts"
    },
    {
      "assertionResults": [
        {
          "ancestorTitles": ["POST /api/auth/verify-email/send"],
          "fullName": "POST /api/auth/verify-email/send should send verification email for unverified customer",
          "status": "passed",
          "title": "should send verification email for unverified customer",
          "duration": 0.9608749999997599,
          "failureMessages": [],
          "meta": {}
        },
        {
          "ancestorTitles": ["POST /api/auth/verify-email/send"],
          "fullName": "POST /api/auth/verify-email/send should return success message for already verified email",
          "status": "passed",
          "title": "should return success message for already verified email",
          "duration": 0.40970800000013696,
          "failureMessages": [],
          "meta": {}
        },
        {
          "ancestorTitles": ["POST /api/auth/verify-email/send"],
          "fullName": "POST /api/auth/verify-email/send should return error for non-existent email",
          "status": "passed",
          "title": "should return error for non-existent email",
          "duration": 0.3369999999999891,
          "failureMessages": [],
          "meta": {}
        },
        {
          "ancestorTitles": ["POST /api/auth/verify-email/send"],
          "fullName": "POST /api/auth/verify-email/send should return error for missing email",
          "status": "passed",
          "title": "should return error for missing email",
          "duration": 0.312083000000257,
          "failureMessages": [],
          "meta": {}
        },
        {
          "ancestorTitles": ["POST /api/auth/verify-email/send"],
          "fullName": "POST /api/auth/verify-email/send should return error for invalid email format",
          "status": "passed",
          "title": "should return error for invalid email format",
          "duration": 0.3217920000001868,
          "failureMessages": [],
          "meta": {}
        },
        {
          "ancestorTitles": ["POST /api/auth/verify-email/send"],
          "fullName": "POST /api/auth/verify-email/send should handle email sending failure",
          "status": "passed",
          "title": "should handle email sending failure",
          "duration": 0.3486249999996289,
          "failureMessages": [],
          "meta": {}
        },
        {
          "ancestorTitles": ["POST /api/auth/verify-email/send"],
          "fullName": "POST /api/auth/verify-email/send should handle database update failure",
          "status": "passed",
          "title": "should handle database update failure",
          "duration": 0.33216600000014296,
          "failureMessages": [],
          "meta": {}
        },
        {
          "ancestorTitles": ["POST /api/auth/verify-email/send"],
          "fullName": "POST /api/auth/verify-email/send should handle invalid JSON body",
          "status": "passed",
          "title": "should handle invalid JSON body",
          "duration": 0.2781249999998181,
          "failureMessages": [],
          "meta": {}
        }
      ],
      "startTime": 1754356054518,
      "endTime": 1754356054521.3486,
      "status": "passed",
      "message": "",
      "name": "/Users/pon/dev/salon-management/app/api/auth/verify-email/send/route.test.ts"
    },
    {
      "assertionResults": [
        {
          "ancestorTitles": ["/api/payments/intents", "POST /api/payments/intents"],
          "fullName": "/api/payments/intents POST /api/payments/intents should create payment intent successfully",
          "status": "passed",
          "title": "should create payment intent successfully",
          "duration": 0.8400000000001455,
          "failureMessages": [],
          "meta": {}
        },
        {
          "ancestorTitles": ["/api/payments/intents", "POST /api/payments/intents"],
          "fullName": "/api/payments/intents POST /api/payments/intents should return 400 for invalid intent data",
          "status": "passed",
          "title": "should return 400 for invalid intent data",
          "duration": 0.39662500000031287,
          "failureMessages": [],
          "meta": {}
        },
        {
          "ancestorTitles": ["/api/payments/intents", "POST /api/payments/intents"],
          "fullName": "/api/payments/intents POST /api/payments/intents should handle intent creation failure",
          "status": "passed",
          "title": "should handle intent creation failure",
          "duration": 0.35541600000033213,
          "failureMessages": [],
          "meta": {}
        },
        {
          "ancestorTitles": ["/api/payments/intents", "PATCH /api/payments/intents"],
          "fullName": "/api/payments/intents PATCH /api/payments/intents should confirm payment intent successfully",
          "status": "passed",
          "title": "should confirm payment intent successfully",
          "duration": 0.44120899999961694,
          "failureMessages": [],
          "meta": {}
        },
        {
          "ancestorTitles": ["/api/payments/intents", "PATCH /api/payments/intents"],
          "fullName": "/api/payments/intents PATCH /api/payments/intents should return 400 for missing intentId",
          "status": "passed",
          "title": "should return 400 for missing intentId",
          "duration": 0.3340829999997368,
          "failureMessages": [],
          "meta": {}
        },
        {
          "ancestorTitles": ["/api/payments/intents", "PATCH /api/payments/intents"],
          "fullName": "/api/payments/intents PATCH /api/payments/intents should handle confirmation failure",
          "status": "passed",
          "title": "should handle confirmation failure",
          "duration": 0.314209000000119,
          "failureMessages": [],
          "meta": {}
        }
      ],
      "startTime": 1754356054907,
      "endTime": 1754356054909.4412,
      "status": "passed",
      "message": "",
      "name": "/Users/pon/dev/salon-management/app/api/payments/intents/__tests__/route.test.ts"
    }
  ]
}
